{"C:\\Users\\kbalt\\tasks\\quizzer_start\\quizzer_start\\src\\App.tsx": {"path":"C:\\Users\\kbalt\\tasks\\quizzer_start\\quizzer_start\\src\\App.tsx","statementMap":{"0":{"start":{"line":8,"column":34},"end":{"line":8,"column":57}},"1":{"start":{"line":10,"column":4},"end":{"line":26,"column":6}},"2":{"start":{"line":16,"column":24},"end":{"line":16,"column":45}}},"fnMap":{"0":{"name":"App","decl":{"start":{"line":7,"column":9},"end":{"line":7,"column":12}},"loc":{"start":{"line":7,"column":28},"end":{"line":27,"column":1}},"line":7},"1":{"name":"(anonymous_1)","decl":{"start":{"line":15,"column":29},"end":{"line":15,"column":30}},"loc":{"start":{"line":15,"column":35},"end":{"line":17,"column":21}},"line":15}},"branchMap":{"0":{"loc":{"start":{"line":19,"column":21},"end":{"line":19,"column":50}},"type":"cond-expr","locations":[{"start":{"line":19,"column":31},"end":{"line":19,"column":40}},{"start":{"line":19,"column":43},"end":{"line":19,"column":50}}],"line":19},"1":{"loc":{"start":{"line":22,"column":35},"end":{"line":22,"column":61}},"type":"cond-expr","locations":[{"start":{"line":22,"column":45},"end":{"line":22,"column":52}},{"start":{"line":22,"column":55},"end":{"line":22,"column":61}}],"line":22}},"s":{"0":1,"1":1,"2":0},"f":{"0":1,"1":0},"b":{"0":[1,0],"1":[1,0]},"_coverageSchema":"1a1c01bbd47fc00a2c39e90264f33305004495a9","hash":"ac64f957777ac33358d982cfec117ac557166f28"}
,"C:\\Users\\kbalt\\tasks\\quizzer_start\\quizzer_start\\src\\interfaces\\question.ts": {"path":"C:\\Users\\kbalt\\tasks\\quizzer_start\\quizzer_start\\src\\interfaces\\question.ts","statementMap":{},"fnMap":{},"branchMap":{},"s":{},"f":{},"b":{}}
,"C:\\Users\\kbalt\\tasks\\quizzer_start\\quizzer_start\\src\\interfaces\\quiz.ts": {"path":"C:\\Users\\kbalt\\tasks\\quizzer_start\\quizzer_start\\src\\interfaces\\quiz.ts","statementMap":{},"fnMap":{},"branchMap":{},"s":{},"f":{},"b":{}}
,"C:\\Users\\kbalt\\tasks\\quizzer_start\\quizzer_start\\src\\quizzer\\AddQuizModal.tsx": {"path":"C:\\Users\\kbalt\\tasks\\quizzer_start\\quizzer_start\\src\\quizzer\\AddQuizModal.tsx","statementMap":{"0":{"start":{"line":13,"column":30},"end":{"line":13,"column":62}},"1":{"start":{"line":14,"column":28},"end":{"line":14,"column":67}},"2":{"start":{"line":16,"column":24},"end":{"line":21,"column":5}},"3":{"start":{"line":19,"column":8},"end":{"line":19,"column":29}},"4":{"start":{"line":20,"column":8},"end":{"line":20,"column":27}},"5":{"start":{"line":23,"column":4},"end":{"line":64,"column":6}},"6":{"start":{"line":35,"column":33},"end":{"line":35,"column":57}},"7":{"start":{"line":44,"column":33},"end":{"line":44,"column":56}},"8":{"start":{"line":52,"column":28},"end":{"line":52,"column":53}},"9":{"start":{"line":53,"column":28},"end":{"line":53,"column":59}},"10":{"start":{"line":54,"column":28},"end":{"line":54,"column":47}}},"fnMap":{"0":{"name":"AddQuizModal","decl":{"start":{"line":4,"column":16},"end":{"line":4,"column":28}},"loc":{"start":{"line":12,"column":3},"end":{"line":65,"column":1}},"line":12},"1":{"name":"(anonymous_1)","decl":{"start":{"line":16,"column":24},"end":{"line":16,"column":25}},"loc":{"start":{"line":16,"column":30},"end":{"line":21,"column":5}},"line":16},"2":{"name":"(anonymous_2)","decl":{"start":{"line":33,"column":38},"end":{"line":33,"column":39}},"loc":{"start":{"line":35,"column":33},"end":{"line":35,"column":57}},"line":35},"3":{"name":"(anonymous_3)","decl":{"start":{"line":42,"column":38},"end":{"line":42,"column":39}},"loc":{"start":{"line":44,"column":33},"end":{"line":44,"column":56}},"line":44},"4":{"name":"(anonymous_4)","decl":{"start":{"line":51,"column":33},"end":{"line":51,"column":34}},"loc":{"start":{"line":51,"column":39},"end":{"line":55,"column":25}},"line":51}},"branchMap":{},"s":{"0":32,"1":32,"2":32,"3":1,"4":1,"5":32,"6":0,"7":0,"8":0,"9":0,"10":0},"f":{"0":32,"1":1,"2":0,"3":0,"4":0},"b":{},"_coverageSchema":"1a1c01bbd47fc00a2c39e90264f33305004495a9","hash":"78f92aadd77c58a28ddadf71f61cc81b2cade7d3"}
,"C:\\Users\\kbalt\\tasks\\quizzer_start\\quizzer_start\\src\\quizzer\\QuestionEdit.tsx": {"path":"C:\\Users\\kbalt\\tasks\\quizzer_start\\quizzer_start\\src\\quizzer\\QuestionEdit.tsx","statementMap":{"0":{"start":{"line":19,"column":19},"end":{"line":21,"column":5}},"1":{"start":{"line":20,"column":50},"end":{"line":20,"column":73}},"2":{"start":{"line":23,"column":29},"end":{"line":33,"column":5}},"3":{"start":{"line":24,"column":8},"end":{"line":24,"column":13}},"4":{"start":{"line":26,"column":12},"end":{"line":26,"column":71}},"5":{"start":{"line":27,"column":8},"end":{"line":32,"column":11}},"6":{"start":{"line":35,"column":25},"end":{"line":43,"column":5}},"7":{"start":{"line":36,"column":8},"end":{"line":36,"column":13}},"8":{"start":{"line":37,"column":8},"end":{"line":42,"column":11}},"9":{"start":{"line":45,"column":25},"end":{"line":48,"column":5}},"10":{"start":{"line":46,"column":5},"end":{"line":46,"column":47}},"11":{"start":{"line":47,"column":8},"end":{"line":47,"column":49}},"12":{"start":{"line":50,"column":31},"end":{"line":61,"column":5}},"13":{"start":{"line":54,"column":27},"end":{"line":54,"column":48}},"14":{"start":{"line":55,"column":8},"end":{"line":55,"column":48}},"15":{"start":{"line":56,"column":8},"end":{"line":60,"column":11}},"16":{"start":{"line":63,"column":30},"end":{"line":70,"column":5}},"17":{"start":{"line":64,"column":20},"end":{"line":64,"column":44}},"18":{"start":{"line":65,"column":8},"end":{"line":65,"column":15}},"19":{"start":{"line":66,"column":8},"end":{"line":69,"column":11}},"20":{"start":{"line":72,"column":4},"end":{"line":256,"column":6}},"21":{"start":{"line":89,"column":36},"end":{"line":92,"column":39}},"22":{"start":{"line":162,"column":44},"end":{"line":165,"column":47}},"23":{"start":{"line":175,"column":44},"end":{"line":202,"column":50}},"24":{"start":{"line":196,"column":56},"end":{"line":199,"column":58}},"25":{"start":{"line":214,"column":32},"end":{"line":214,"column":63}},"26":{"start":{"line":223,"column":32},"end":{"line":223,"column":63}},"27":{"start":{"line":239,"column":28},"end":{"line":242,"column":31}},"28":{"start":{"line":248,"column":28},"end":{"line":248,"column":56}}},"fnMap":{"0":{"name":"QuestionEdit","decl":{"start":{"line":5,"column":16},"end":{"line":5,"column":28}},"loc":{"start":{"line":18,"column":16},"end":{"line":257,"column":1}},"line":18},"1":{"name":"(anonymous_1)","decl":{"start":{"line":20,"column":35},"end":{"line":20,"column":36}},"loc":{"start":{"line":20,"column":50},"end":{"line":20,"column":73}},"line":20},"2":{"name":"(anonymous_2)","decl":{"start":{"line":23,"column":29},"end":{"line":23,"column":30}},"loc":{"start":{"line":23,"column":73},"end":{"line":33,"column":5}},"line":23},"3":{"name":"(anonymous_3)","decl":{"start":{"line":35,"column":25},"end":{"line":35,"column":26}},"loc":{"start":{"line":35,"column":31},"end":{"line":43,"column":5}},"line":35},"4":{"name":"(anonymous_4)","decl":{"start":{"line":45,"column":25},"end":{"line":45,"column":26}},"loc":{"start":{"line":45,"column":69},"end":{"line":48,"column":5}},"line":45},"5":{"name":"(anonymous_5)","decl":{"start":{"line":50,"column":31},"end":{"line":50,"column":32}},"loc":{"start":{"line":53,"column":9},"end":{"line":61,"column":5}},"line":53},"6":{"name":"(anonymous_6)","decl":{"start":{"line":63,"column":30},"end":{"line":63,"column":31}},"loc":{"start":{"line":63,"column":74},"end":{"line":70,"column":5}},"line":63},"7":{"name":"(anonymous_7)","decl":{"start":{"line":86,"column":42},"end":{"line":86,"column":43}},"loc":{"start":{"line":88,"column":37},"end":{"line":93,"column":33}},"line":88},"8":{"name":"(anonymous_8)","decl":{"start":{"line":159,"column":50},"end":{"line":159,"column":51}},"loc":{"start":{"line":161,"column":45},"end":{"line":166,"column":41}},"line":161},"9":{"name":"(anonymous_9)","decl":{"start":{"line":174,"column":40},"end":{"line":174,"column":41}},"loc":{"start":{"line":175,"column":44},"end":{"line":202,"column":50}},"line":175},"10":{"name":"(anonymous_10)","decl":{"start":{"line":193,"column":62},"end":{"line":193,"column":63}},"loc":{"start":{"line":195,"column":57},"end":{"line":200,"column":53}},"line":195},"11":{"name":"(anonymous_11)","decl":{"start":{"line":213,"column":37},"end":{"line":213,"column":38}},"loc":{"start":{"line":213,"column":43},"end":{"line":215,"column":29}},"line":213},"12":{"name":"(anonymous_12)","decl":{"start":{"line":222,"column":37},"end":{"line":222,"column":38}},"loc":{"start":{"line":222,"column":43},"end":{"line":224,"column":29}},"line":222},"13":{"name":"(anonymous_13)","decl":{"start":{"line":238,"column":34},"end":{"line":238,"column":35}},"loc":{"start":{"line":238,"column":78},"end":{"line":243,"column":25}},"line":238},"14":{"name":"(anonymous_14)","decl":{"start":{"line":247,"column":33},"end":{"line":247,"column":34}},"loc":{"start":{"line":247,"column":39},"end":{"line":249,"column":25}},"line":247}},"branchMap":{"0":{"loc":{"start":{"line":26,"column":12},"end":{"line":26,"column":71}},"type":"cond-expr","locations":[{"start":{"line":26,"column":43},"end":{"line":26,"column":44}},{"start":{"line":26,"column":47},"end":{"line":26,"column":71}}],"line":26},"1":{"loc":{"start":{"line":39,"column":18},"end":{"line":39,"column":117}},"type":"cond-expr","locations":[{"start":{"line":39,"column":65},"end":{"line":39,"column":88}},{"start":{"line":39,"column":91},"end":{"line":39,"column":117}}],"line":39},"2":{"loc":{"start":{"line":59,"column":22},"end":{"line":59,"column":66}},"type":"cond-expr","locations":[{"start":{"line":59,"column":32},"end":{"line":59,"column":46}},{"start":{"line":59,"column":49},"end":{"line":59,"column":66}}],"line":59},"3":{"loc":{"start":{"line":108,"column":31},"end":{"line":108,"column":63}},"type":"cond-expr","locations":[{"start":{"line":108,"column":55},"end":{"line":108,"column":58}},{"start":{"line":108,"column":61},"end":{"line":108,"column":63}}],"line":108},"4":{"loc":{"start":{"line":139,"column":29},"end":{"line":151,"column":29}},"type":"binary-expr","locations":[{"start":{"line":139,"column":29},"end":{"line":139,"column":73}},{"start":{"line":140,"column":32},"end":{"line":150,"column":35}}],"line":139},"5":{"loc":{"start":{"line":154,"column":29},"end":{"line":169,"column":29}},"type":"binary-expr","locations":[{"start":{"line":154,"column":29},"end":{"line":154,"column":70}},{"start":{"line":155,"column":32},"end":{"line":168,"column":45}}],"line":154},"6":{"loc":{"start":{"line":170,"column":29},"end":{"line":206,"column":29}},"type":"binary-expr","locations":[{"start":{"line":170,"column":29},"end":{"line":170,"column":73}},{"start":{"line":171,"column":32},"end":{"line":205,"column":45}}],"line":170}},"s":{"0":54,"1":53,"2":54,"3":0,"4":0,"5":0,"6":54,"7":1,"8":1,"9":54,"10":0,"11":0,"12":54,"13":0,"14":0,"15":0,"16":54,"17":0,"18":0,"19":0,"20":54,"21":0,"22":0,"23":81,"24":0,"25":2,"26":0,"27":1,"28":0},"f":{"0":54,"1":53,"2":0,"3":1,"4":0,"5":0,"6":0,"7":0,"8":0,"9":81,"10":0,"11":2,"12":0,"13":1,"14":0},"b":{"0":[0,0],"1":[0,1],"2":[0,0],"3":[13,41],"4":[54,27],"5":[54,27],"6":[54,27]},"_coverageSchema":"1a1c01bbd47fc00a2c39e90264f33305004495a9","hash":"3c51125082dd466a83312fe553432e1cbfb2679b"}
,"C:\\Users\\kbalt\\tasks\\quizzer_start\\quizzer_start\\src\\quizzer\\QuizCard.tsx": {"path":"C:\\Users\\kbalt\\tasks\\quizzer_start\\quizzer_start\\src\\quizzer\\QuizCard.tsx","statementMap":{"0":{"start":{"line":14,"column":30},"end":{"line":17,"column":5}},"1":{"start":{"line":16,"column":12},"end":{"line":16,"column":62}},"2":{"start":{"line":19,"column":4},"end":{"line":37,"column":6}},"3":{"start":{"line":25,"column":24},"end":{"line":25,"column":48}}},"fnMap":{"0":{"name":"QuizCard","decl":{"start":{"line":7,"column":16},"end":{"line":7,"column":24}},"loc":{"start":{"line":13,"column":15},"end":{"line":38,"column":1}},"line":13},"1":{"name":"(anonymous_1)","decl":{"start":{"line":15,"column":8},"end":{"line":15,"column":9}},"loc":{"start":{"line":16,"column":12},"end":{"line":16,"column":62}},"line":16},"2":{"name":"(anonymous_2)","decl":{"start":{"line":24,"column":29},"end":{"line":24,"column":30}},"loc":{"start":{"line":24,"column":35},"end":{"line":26,"column":21}},"line":24}},"branchMap":{"0":{"loc":{"start":{"line":16,"column":12},"end":{"line":16,"column":62}},"type":"binary-expr","locations":[{"start":{"line":16,"column":13},"end":{"line":16,"column":27}},{"start":{"line":16,"column":31},"end":{"line":16,"column":42}},{"start":{"line":16,"column":47},"end":{"line":16,"column":62}}],"line":16},"1":{"loc":{"start":{"line":32,"column":21},"end":{"line":32,"column":62}},"type":"cond-expr","locations":[{"start":{"line":32,"column":54},"end":{"line":32,"column":57}},{"start":{"line":32,"column":60},"end":{"line":32,"column":62}}],"line":32}},"s":{"0":90,"1":356,"2":90,"3":10},"f":{"0":90,"1":356,"2":10},"b":{"0":[356,302,160],"1":[90,0]},"_coverageSchema":"1a1c01bbd47fc00a2c39e90264f33305004495a9","hash":"d3922e96f9e242b704820530e90fe1d966deac6d"}
,"C:\\Users\\kbalt\\tasks\\quizzer_start\\quizzer_start\\src\\quizzer\\QuizEdit.tsx": {"path":"C:\\Users\\kbalt\\tasks\\quizzer_start\\quizzer_start\\src\\quizzer\\QuizEdit.tsx","statementMap":{"0":{"start":{"line":24,"column":34},"end":{"line":24,"column":61}},"1":{"start":{"line":26,"column":25},"end":{"line":31,"column":5}},"2":{"start":{"line":27,"column":8},"end":{"line":30,"column":11}},"3":{"start":{"line":29,"column":85},"end":{"line":29,"column":141}},"4":{"start":{"line":33,"column":27},"end":{"line":38,"column":5}},"5":{"start":{"line":34,"column":8},"end":{"line":37,"column":11}},"6":{"start":{"line":36,"column":87},"end":{"line":36,"column":113}},"7":{"start":{"line":40,"column":24},"end":{"line":45,"column":5}},"8":{"start":{"line":41,"column":25},"end":{"line":41,"column":31}},"9":{"start":{"line":42,"column":24},"end":{"line":42,"column":53}},"10":{"start":{"line":43,"column":8},"end":{"line":43,"column":27}},"11":{"start":{"line":44,"column":8},"end":{"line":44,"column":35}},"12":{"start":{"line":47,"column":25},"end":{"line":55,"column":5}},"13":{"start":{"line":48,"column":26},"end":{"line":48,"column":52}},"14":{"start":{"line":49,"column":26},"end":{"line":49,"column":52}},"15":{"start":{"line":50,"column":8},"end":{"line":54,"column":11}},"16":{"start":{"line":53,"column":45},"end":{"line":53,"column":124}},"17":{"start":{"line":57,"column":4},"end":{"line":172,"column":6}},"18":{"start":{"line":69,"column":36},"end":{"line":72,"column":38}},"19":{"start":{"line":86,"column":32},"end":{"line":89,"column":35}},"20":{"start":{"line":99,"column":28},"end":{"line":99,"column":76}},"21":{"start":{"line":107,"column":20},"end":{"line":115,"column":36}},"22":{"start":{"line":123,"column":24},"end":{"line":138,"column":27}},"23":{"start":{"line":149,"column":32},"end":{"line":149,"column":58}},"24":{"start":{"line":150,"column":32},"end":{"line":150,"column":46}},"25":{"start":{"line":151,"column":32},"end":{"line":151,"column":45}},"26":{"start":{"line":163,"column":28},"end":{"line":163,"column":48}},"27":{"start":{"line":164,"column":28},"end":{"line":164,"column":44}}},"fnMap":{"0":{"name":"QuizEdit","decl":{"start":{"line":10,"column":16},"end":{"line":10,"column":24}},"loc":{"start":{"line":22,"column":16},"end":{"line":173,"column":1}},"line":22},"1":{"name":"(anonymous_1)","decl":{"start":{"line":26,"column":25},"end":{"line":26,"column":26}},"loc":{"start":{"line":26,"column":72},"end":{"line":31,"column":5}},"line":26},"2":{"name":"(anonymous_2)","decl":{"start":{"line":29,"column":51},"end":{"line":29,"column":52}},"loc":{"start":{"line":29,"column":85},"end":{"line":29,"column":141}},"line":29},"3":{"name":"(anonymous_3)","decl":{"start":{"line":33,"column":27},"end":{"line":33,"column":28}},"loc":{"start":{"line":33,"column":51},"end":{"line":38,"column":5}},"line":33},"4":{"name":"(anonymous_4)","decl":{"start":{"line":36,"column":54},"end":{"line":36,"column":55}},"loc":{"start":{"line":36,"column":87},"end":{"line":36,"column":113}},"line":36},"5":{"name":"(anonymous_5)","decl":{"start":{"line":40,"column":24},"end":{"line":40,"column":25}},"loc":{"start":{"line":40,"column":30},"end":{"line":45,"column":5}},"line":40},"6":{"name":"(anonymous_6)","decl":{"start":{"line":47,"column":25},"end":{"line":47,"column":26}},"loc":{"start":{"line":47,"column":57},"end":{"line":55,"column":5}},"line":47},"7":{"name":"(anonymous_7)","decl":{"start":{"line":53,"column":16},"end":{"line":53,"column":17}},"loc":{"start":{"line":53,"column":45},"end":{"line":53,"column":124}},"line":53},"8":{"name":"(anonymous_8)","decl":{"start":{"line":66,"column":42},"end":{"line":66,"column":43}},"loc":{"start":{"line":69,"column":36},"end":{"line":72,"column":38}},"line":69},"9":{"name":"(anonymous_9)","decl":{"start":{"line":83,"column":38},"end":{"line":83,"column":39}},"loc":{"start":{"line":85,"column":33},"end":{"line":90,"column":29}},"line":85},"10":{"name":"(anonymous_10)","decl":{"start":{"line":98,"column":34},"end":{"line":98,"column":35}},"loc":{"start":{"line":99,"column":28},"end":{"line":99,"column":76}},"line":99},"11":{"name":"(anonymous_11)","decl":{"start":{"line":106,"column":42},"end":{"line":106,"column":43}},"loc":{"start":{"line":107,"column":20},"end":{"line":115,"column":36}},"line":107},"12":{"name":"(anonymous_12)","decl":{"start":{"line":122,"column":29},"end":{"line":122,"column":30}},"loc":{"start":{"line":122,"column":35},"end":{"line":139,"column":21}},"line":122},"13":{"name":"(anonymous_13)","decl":{"start":{"line":148,"column":37},"end":{"line":148,"column":38}},"loc":{"start":{"line":148,"column":43},"end":{"line":152,"column":29}},"line":148},"14":{"name":"(anonymous_14)","decl":{"start":{"line":162,"column":33},"end":{"line":162,"column":34}},"loc":{"start":{"line":162,"column":39},"end":{"line":165,"column":25}},"line":162}},"branchMap":{"0":{"loc":{"start":{"line":29,"column":85},"end":{"line":29,"column":141}},"type":"cond-expr","locations":[{"start":{"line":29,"column":114},"end":{"line":29,"column":130}},{"start":{"line":29,"column":133},"end":{"line":29,"column":141}}],"line":29},"1":{"loc":{"start":{"line":53,"column":45},"end":{"line":53,"column":124}},"type":"cond-expr","locations":[{"start":{"line":53,"column":65},"end":{"line":53,"column":80}},{"start":{"line":53,"column":83},"end":{"line":53,"column":124}}],"line":53},"2":{"loc":{"start":{"line":53,"column":83},"end":{"line":53,"column":124}},"type":"cond-expr","locations":[{"start":{"line":53,"column":103},"end":{"line":53,"column":118}},{"start":{"line":53,"column":121},"end":{"line":53,"column":124}}],"line":53}},"s":{"0":13,"1":13,"2":2,"3":8,"4":13,"5":0,"6":0,"7":13,"8":5,"9":5,"10":5,"11":5,"12":13,"13":2,"14":2,"15":2,"16":8,"17":13,"18":0,"19":2,"20":0,"21":54,"22":1,"23":5,"24":5,"25":5,"26":1,"27":1},"f":{"0":13,"1":2,"2":8,"3":0,"4":0,"5":5,"6":2,"7":8,"8":0,"9":2,"10":0,"11":54,"12":1,"13":5,"14":1},"b":{"0":[2,6],"1":[2,6],"2":[2,4]},"_coverageSchema":"1a1c01bbd47fc00a2c39e90264f33305004495a9","hash":"2651bc58f71c603936916c87ed63f4ccec87976b"}
,"C:\\Users\\kbalt\\tasks\\quizzer_start\\quizzer_start\\src\\quizzer\\QuizExpanded.tsx": {"path":"C:\\Users\\kbalt\\tasks\\quizzer_start\\quizzer_start\\src\\quizzer\\QuizExpanded.tsx","statementMap":{"0":{"start":{"line":21,"column":30},"end":{"line":24,"column":5}},"1":{"start":{"line":23,"column":12},"end":{"line":23,"column":62}},"2":{"start":{"line":26,"column":32},"end":{"line":26,"column":51}},"3":{"start":{"line":27,"column":38},"end":{"line":29,"column":5}},"4":{"start":{"line":31,"column":33},"end":{"line":35,"column":5}},"5":{"start":{"line":32,"column":29},"end":{"line":32,"column":43}},"6":{"start":{"line":33,"column":8},"end":{"line":33,"column":44}},"7":{"start":{"line":34,"column":8},"end":{"line":34,"column":35}},"8":{"start":{"line":37,"column":24},"end":{"line":40,"column":5}},"9":{"start":{"line":38,"column":47},"end":{"line":38,"column":62}},"10":{"start":{"line":42,"column":22},"end":{"line":44,"column":5}},"11":{"start":{"line":43,"column":8},"end":{"line":43,"column":48}},"12":{"start":{"line":43,"column":33},"end":{"line":43,"column":46}},"13":{"start":{"line":46,"column":18},"end":{"line":57,"column":5}},"14":{"start":{"line":47,"column":8},"end":{"line":47,"column":26}},"15":{"start":{"line":48,"column":8},"end":{"line":48,"column":58}},"16":{"start":{"line":49,"column":8},"end":{"line":54,"column":11}},"17":{"start":{"line":52,"column":44},"end":{"line":52,"column":68}},"18":{"start":{"line":56,"column":8},"end":{"line":56,"column":21}},"19":{"start":{"line":59,"column":28},"end":{"line":64,"column":5}},"20":{"start":{"line":60,"column":8},"end":{"line":63,"column":11}},"21":{"start":{"line":62,"column":82},"end":{"line":62,"column":157}},"22":{"start":{"line":66,"column":4},"end":{"line":119,"column":6}},"23":{"start":{"line":81,"column":28},"end":{"line":81,"column":36}},"24":{"start":{"line":82,"column":28},"end":{"line":82,"column":41}},"25":{"start":{"line":83,"column":28},"end":{"line":83,"column":51}},"26":{"start":{"line":99,"column":16},"end":{"line":107,"column":32}}},"fnMap":{"0":{"name":"QuizExpanded","decl":{"start":{"line":9,"column":16},"end":{"line":9,"column":28}},"loc":{"start":{"line":19,"column":15},"end":{"line":120,"column":1}},"line":19},"1":{"name":"(anonymous_1)","decl":{"start":{"line":22,"column":8},"end":{"line":22,"column":9}},"loc":{"start":{"line":23,"column":12},"end":{"line":23,"column":62}},"line":23},"2":{"name":"(anonymous_2)","decl":{"start":{"line":31,"column":33},"end":{"line":31,"column":34}},"loc":{"start":{"line":31,"column":52},"end":{"line":35,"column":5}},"line":31},"3":{"name":"(anonymous_3)","decl":{"start":{"line":38,"column":8},"end":{"line":38,"column":9}},"loc":{"start":{"line":38,"column":47},"end":{"line":38,"column":62}},"line":38},"4":{"name":"(anonymous_4)","decl":{"start":{"line":42,"column":22},"end":{"line":42,"column":23}},"loc":{"start":{"line":42,"column":37},"end":{"line":44,"column":5}},"line":42},"5":{"name":"(anonymous_5)","decl":{"start":{"line":43,"column":18},"end":{"line":43,"column":19}},"loc":{"start":{"line":43,"column":33},"end":{"line":43,"column":46}},"line":43},"6":{"name":"(anonymous_6)","decl":{"start":{"line":46,"column":18},"end":{"line":46,"column":19}},"loc":{"start":{"line":46,"column":24},"end":{"line":57,"column":5}},"line":46},"7":{"name":"(anonymous_7)","decl":{"start":{"line":52,"column":16},"end":{"line":52,"column":17}},"loc":{"start":{"line":52,"column":44},"end":{"line":52,"column":68}},"line":52},"8":{"name":"(anonymous_8)","decl":{"start":{"line":59,"column":28},"end":{"line":59,"column":29}},"loc":{"start":{"line":59,"column":65},"end":{"line":64,"column":5}},"line":59},"9":{"name":"(anonymous_9)","decl":{"start":{"line":62,"column":48},"end":{"line":62,"column":49}},"loc":{"start":{"line":62,"column":82},"end":{"line":62,"column":157}},"line":62},"10":{"name":"(anonymous_10)","decl":{"start":{"line":80,"column":33},"end":{"line":80,"column":34}},"loc":{"start":{"line":80,"column":39},"end":{"line":84,"column":25}},"line":80},"11":{"name":"(anonymous_11)","decl":{"start":{"line":98,"column":35},"end":{"line":98,"column":36}},"loc":{"start":{"line":99,"column":16},"end":{"line":107,"column":32}},"line":99}},"branchMap":{"0":{"loc":{"start":{"line":23,"column":12},"end":{"line":23,"column":62}},"type":"binary-expr","locations":[{"start":{"line":23,"column":13},"end":{"line":23,"column":27}},{"start":{"line":23,"column":31},"end":{"line":23,"column":42}},{"start":{"line":23,"column":47},"end":{"line":23,"column":62}}],"line":23},"1":{"loc":{"start":{"line":62,"column":82},"end":{"line":62,"column":157}},"type":"cond-expr","locations":[{"start":{"line":62,"column":111},"end":{"line":62,"column":141}},{"start":{"line":62,"column":144},"end":{"line":62,"column":157}}],"line":62},"2":{"loc":{"start":{"line":73,"column":25},"end":{"line":73,"column":66}},"type":"cond-expr","locations":[{"start":{"line":73,"column":58},"end":{"line":73,"column":61}},{"start":{"line":73,"column":64},"end":{"line":73,"column":66}}],"line":73}},"s":{"0":20,"1":81,"2":20,"3":20,"4":20,"5":2,"6":2,"7":2,"8":20,"9":46,"10":20,"11":2,"12":2,"13":20,"14":7,"15":7,"16":7,"17":28,"18":7,"19":20,"20":2,"21":8,"22":20,"23":6,"24":6,"25":6,"26":46},"f":{"0":20,"1":81,"2":2,"3":46,"4":2,"5":2,"6":7,"7":28,"8":2,"9":8,"10":6,"11":46},"b":{"0":[81,72,44],"1":[2,6],"2":[20,0]},"_coverageSchema":"1a1c01bbd47fc00a2c39e90264f33305004495a9","hash":"34f4255c9e49fee4fffae215168d92ab3b7ae5c2"}
,"C:\\Users\\kbalt\\tasks\\quizzer_start\\quizzer_start\\src\\quizzer\\QuizList.tsx": {"path":"C:\\Users\\kbalt\\tasks\\quizzer_start\\quizzer_start\\src\\quizzer\\QuizList.tsx","statementMap":{"0":{"start":{"line":19,"column":38},"end":{"line":19,"column":67}},"1":{"start":{"line":21,"column":27},"end":{"line":23,"column":5}},"2":{"start":{"line":22,"column":8},"end":{"line":22,"column":25}},"3":{"start":{"line":25,"column":26},"end":{"line":27,"column":5}},"4":{"start":{"line":26,"column":8},"end":{"line":26,"column":27}},"5":{"start":{"line":29,"column":4},"end":{"line":55,"column":6}},"6":{"start":{"line":34,"column":24},"end":{"line":38,"column":36}},"7":{"start":{"line":45,"column":42},"end":{"line":53,"column":16}}},"fnMap":{"0":{"name":"QuizList","decl":{"start":{"line":8,"column":16},"end":{"line":8,"column":24}},"loc":{"start":{"line":18,"column":16},"end":{"line":56,"column":1}},"line":18},"1":{"name":"(anonymous_1)","decl":{"start":{"line":21,"column":27},"end":{"line":21,"column":28}},"loc":{"start":{"line":21,"column":43},"end":{"line":23,"column":5}},"line":21},"2":{"name":"(anonymous_2)","decl":{"start":{"line":25,"column":26},"end":{"line":25,"column":27}},"loc":{"start":{"line":25,"column":32},"end":{"line":27,"column":5}},"line":25},"3":{"name":"(anonymous_3)","decl":{"start":{"line":33,"column":33},"end":{"line":33,"column":34}},"loc":{"start":{"line":34,"column":24},"end":{"line":38,"column":36}},"line":34},"4":{"name":"(anonymous_4)","decl":{"start":{"line":45,"column":25},"end":{"line":45,"column":26}},"loc":{"start":{"line":45,"column":42},"end":{"line":53,"column":16}},"line":45}},"branchMap":{"0":{"loc":{"start":{"line":31,"column":13},"end":{"line":44,"column":13}},"type":"binary-expr","locations":[{"start":{"line":31,"column":13},"end":{"line":31,"column":23}},{"start":{"line":32,"column":16},"end":{"line":43,"column":19}}],"line":31},"1":{"loc":{"start":{"line":45,"column":42},"end":{"line":53,"column":16}},"type":"cond-expr","locations":[{"start":{"line":46,"column":24},"end":{"line":52,"column":36}},{"start":{"line":53,"column":14},"end":{"line":53,"column":16}}],"line":45}},"s":{"0":42,"1":42,"2":10,"3":42,"4":1,"5":42,"6":90,"7":210},"f":{"0":42,"1":10,"2":1,"3":90,"4":210},"b":{"0":[42,18],"1":[24,186]},"_coverageSchema":"1a1c01bbd47fc00a2c39e90264f33305004495a9","hash":"9556a1b21934e806265e57fb80d0885eb83b4020"}
,"C:\\Users\\kbalt\\tasks\\quizzer_start\\quizzer_start\\src\\quizzer\\QuizQuestion.tsx": {"path":"C:\\Users\\kbalt\\tasks\\quizzer_start\\quizzer_start\\src\\quizzer\\QuizQuestion.tsx","statementMap":{"0":{"start":{"line":23,"column":24},"end":{"line":27,"column":5}},"1":{"start":{"line":24,"column":8},"end":{"line":26,"column":9}},"2":{"start":{"line":25,"column":12},"end":{"line":25,"column":57}},"3":{"start":{"line":29,"column":30},"end":{"line":34,"column":5}},"4":{"start":{"line":30,"column":8},"end":{"line":30,"column":36}},"5":{"start":{"line":31,"column":8},"end":{"line":33,"column":9}},"6":{"start":{"line":32,"column":12},"end":{"line":32,"column":39}},"7":{"start":{"line":36,"column":4},"end":{"line":92,"column":6}},"8":{"start":{"line":62,"column":36},"end":{"line":70,"column":38}}},"fnMap":{"0":{"name":"QuizQuestion","decl":{"start":{"line":8,"column":16},"end":{"line":8,"column":28}},"loc":{"start":{"line":22,"column":16},"end":{"line":93,"column":1}},"line":22},"1":{"name":"(anonymous_1)","decl":{"start":{"line":23,"column":24},"end":{"line":23,"column":25}},"loc":{"start":{"line":23,"column":44},"end":{"line":27,"column":5}},"line":23},"2":{"name":"(anonymous_2)","decl":{"start":{"line":29,"column":30},"end":{"line":29,"column":31}},"loc":{"start":{"line":29,"column":36},"end":{"line":34,"column":5}},"line":29},"3":{"name":"(anonymous_3)","decl":{"start":{"line":61,"column":32},"end":{"line":61,"column":33}},"loc":{"start":{"line":62,"column":36},"end":{"line":70,"column":38}},"line":62}},"branchMap":{"0":{"loc":{"start":{"line":24,"column":8},"end":{"line":26,"column":9}},"type":"if","locations":[{"start":{"line":24,"column":8},"end":{"line":26,"column":9}},{"start":{},"end":{}}],"line":24},"1":{"loc":{"start":{"line":31,"column":8},"end":{"line":33,"column":9}},"type":"if","locations":[{"start":{"line":31,"column":8},"end":{"line":33,"column":9}},{"start":{},"end":{}}],"line":31},"2":{"loc":{"start":{"line":45,"column":45},"end":{"line":45,"column":77}},"type":"cond-expr","locations":[{"start":{"line":45,"column":69},"end":{"line":45,"column":72}},{"start":{"line":45,"column":75},"end":{"line":45,"column":77}}],"line":45},"3":{"loc":{"start":{"line":49,"column":21},"end":{"line":57,"column":21}},"type":"binary-expr","locations":[{"start":{"line":49,"column":21},"end":{"line":49,"column":62}},{"start":{"line":50,"column":24},"end":{"line":56,"column":37}}],"line":49},"4":{"loc":{"start":{"line":58,"column":21},"end":{"line":74,"column":21}},"type":"binary-expr","locations":[{"start":{"line":58,"column":21},"end":{"line":58,"column":65}},{"start":{"line":59,"column":24},"end":{"line":73,"column":30}}],"line":58},"5":{"loc":{"start":{"line":76,"column":39},"end":{"line":76,"column":64}},"type":"cond-expr","locations":[{"start":{"line":76,"column":51},"end":{"line":76,"column":53}},{"start":{"line":76,"column":56},"end":{"line":76,"column":64}}],"line":76},"6":{"loc":{"start":{"line":77,"column":29},"end":{"line":79,"column":37}},"type":"cond-expr","locations":[{"start":{"line":78,"column":34},"end":{"line":78,"column":38}},{"start":{"line":79,"column":34},"end":{"line":79,"column":37}}],"line":77}},"s":{"0":46,"1":2,"2":2,"3":46,"4":2,"5":2,"6":2,"7":46,"8":72},"f":{"0":46,"1":2,"2":2,"3":72},"b":{"0":[2,0],"1":[2,0],"2":[3,43],"3":[46,22],"4":[46,24],"5":[2,44],"6":[4,42]},"_coverageSchema":"1a1c01bbd47fc00a2c39e90264f33305004495a9","hash":"229f2bbdb29277c571039ce4d576dbab64f1e3a8"}
,"C:\\Users\\kbalt\\tasks\\quizzer_start\\quizzer_start\\src\\quizzer\\QuizView.tsx": {"path":"C:\\Users\\kbalt\\tasks\\quizzer_start\\quizzer_start\\src\\quizzer\\QuizView.tsx","statementMap":{"0":{"start":{"line":19,"column":28},"end":{"line":19,"column":43}},"1":{"start":{"line":21,"column":23},"end":{"line":23,"column":5}},"2":{"start":{"line":22,"column":8},"end":{"line":22,"column":23}},"3":{"start":{"line":25,"column":4},"end":{"line":47,"column":6}}},"fnMap":{"0":{"name":"QuizView","decl":{"start":{"line":8,"column":16},"end":{"line":8,"column":24}},"loc":{"start":{"line":18,"column":15},"end":{"line":48,"column":1}},"line":18},"1":{"name":"(anonymous_1)","decl":{"start":{"line":21,"column":23},"end":{"line":21,"column":24}},"loc":{"start":{"line":21,"column":29},"end":{"line":23,"column":5}},"line":21}},"branchMap":{"0":{"loc":{"start":{"line":27,"column":13},"end":{"line":35,"column":13}},"type":"binary-expr","locations":[{"start":{"line":27,"column":13},"end":{"line":27,"column":17}},{"start":{"line":28,"column":16},"end":{"line":34,"column":28}}],"line":27},"1":{"loc":{"start":{"line":37,"column":13},"end":{"line":44,"column":13}},"type":"binary-expr","locations":[{"start":{"line":37,"column":13},"end":{"line":37,"column":18}},{"start":{"line":38,"column":16},"end":{"line":43,"column":32}}],"line":37}},"s":{"0":24,"1":24,"2":11,"3":24},"f":{"0":24,"1":11},"b":{"0":[24,6],"1":[24,18]},"_coverageSchema":"1a1c01bbd47fc00a2c39e90264f33305004495a9","hash":"35caca2fcc2a8f1d7f8a834d69286d969401ac55"}
,"C:\\Users\\kbalt\\tasks\\quizzer_start\\quizzer_start\\src\\quizzer\\Quizzer.tsx": {"path":"C:\\Users\\kbalt\\tasks\\quizzer_start\\quizzer_start\\src\\quizzer\\Quizzer.tsx","statementMap":{"0":{"start":{"line":11,"column":16},"end":{"line":22,"column":1}},"1":{"start":{"line":12,"column":21},"end":{"line":21,"column":5}},"2":{"start":{"line":15,"column":30},"end":{"line":19,"column":13}},"3":{"start":{"line":25,"column":34},"end":{"line":25,"column":59}},"4":{"start":{"line":26,"column":44},"end":{"line":26,"column":59}},"5":{"start":{"line":29,"column":8},"end":{"line":31,"column":10}},"6":{"start":{"line":30,"column":44},"end":{"line":30,"column":70}},"7":{"start":{"line":34,"column":20},"end":{"line":42,"column":5}},"8":{"start":{"line":35,"column":30},"end":{"line":40,"column":9}},"9":{"start":{"line":41,"column":8},"end":{"line":41,"column":42}},"10":{"start":{"line":45,"column":8},"end":{"line":45,"column":71}},"11":{"start":{"line":45,"column":56},"end":{"line":45,"column":68}},"12":{"start":{"line":48,"column":28},"end":{"line":48,"column":87}},"13":{"start":{"line":48,"column":36},"end":{"line":48,"column":62}},"14":{"start":{"line":48,"column":63},"end":{"line":48,"column":85}},"15":{"start":{"line":49,"column":29},"end":{"line":49,"column":57}},"16":{"start":{"line":49,"column":35},"end":{"line":49,"column":57}},"17":{"start":{"line":51,"column":4},"end":{"line":114,"column":6}}},"fnMap":{"0":{"name":"(anonymous_0)","decl":{"start":{"line":12,"column":4},"end":{"line":12,"column":5}},"loc":{"start":{"line":12,"column":21},"end":{"line":21,"column":5}},"line":12},"1":{"name":"(anonymous_1)","decl":{"start":{"line":15,"column":12},"end":{"line":15,"column":13}},"loc":{"start":{"line":15,"column":30},"end":{"line":19,"column":13}},"line":15},"2":{"name":"Quizzer","decl":{"start":{"line":24,"column":16},"end":{"line":24,"column":23}},"loc":{"start":{"line":24,"column":40},"end":{"line":115,"column":1}},"line":24},"3":{"name":"editQuiz","decl":{"start":{"line":28,"column":13},"end":{"line":28,"column":21}},"loc":{"start":{"line":28,"column":50},"end":{"line":32,"column":5}},"line":28},"4":{"name":"(anonymous_4)","decl":{"start":{"line":30,"column":24},"end":{"line":30,"column":25}},"loc":{"start":{"line":30,"column":44},"end":{"line":30,"column":70}},"line":30},"5":{"name":"(anonymous_5)","decl":{"start":{"line":34,"column":20},"end":{"line":34,"column":21}},"loc":{"start":{"line":34,"column":53},"end":{"line":42,"column":5}},"line":34},"6":{"name":"deleteQuiz","decl":{"start":{"line":44,"column":13},"end":{"line":44,"column":23}},"loc":{"start":{"line":44,"column":37},"end":{"line":46,"column":5}},"line":44},"7":{"name":"(anonymous_7)","decl":{"start":{"line":45,"column":34},"end":{"line":45,"column":35}},"loc":{"start":{"line":45,"column":56},"end":{"line":45,"column":68}},"line":45},"8":{"name":"(anonymous_8)","decl":{"start":{"line":48,"column":28},"end":{"line":48,"column":29}},"loc":{"start":{"line":48,"column":34},"end":{"line":48,"column":87}},"line":48},"9":{"name":"(anonymous_9)","decl":{"start":{"line":49,"column":29},"end":{"line":49,"column":30}},"loc":{"start":{"line":49,"column":35},"end":{"line":49,"column":57}},"line":49}},"branchMap":{"0":{"loc":{"start":{"line":30,"column":44},"end":{"line":30,"column":70}},"type":"cond-expr","locations":[{"start":{"line":30,"column":59},"end":{"line":30,"column":66}},{"start":{"line":30,"column":69},"end":{"line":30,"column":70}}],"line":30}},"s":{"0":2,"1":10,"2":40,"3":32,"4":32,"5":14,"6":70,"7":32,"8":1,"9":1,"10":1,"11":5,"12":32,"13":1,"14":1,"15":32,"16":1,"17":32},"f":{"0":10,"1":40,"2":32,"3":14,"4":70,"5":1,"6":1,"7":5,"8":1,"9":1},"b":{"0":[14,56]},"_coverageSchema":"1a1c01bbd47fc00a2c39e90264f33305004495a9","hash":"c93de81be4fe15fe2e91f0114d9bf0084a429b00"}
}
