TN:
SF:src\App.tsx
FN:7,App
FN:15,(anonymous_1)
FNF:2
FNH:1
FNDA:1,App
FNDA:0,(anonymous_1)
DA:8,1
DA:10,1
DA:16,0
LF:3
LH:2
BRDA:19,0,0,1
BRDA:19,0,1,0
BRDA:22,1,0,1
BRDA:22,1,1,0
BRF:4
BRH:2
end_of_record
TN:
SF:src\interfaces\question.ts
FNF:0
FNH:0
LF:0
LH:0
BRF:0
BRH:0
end_of_record
TN:
SF:src\interfaces\quiz.ts
FNF:0
FNH:0
LF:0
LH:0
BRF:0
BRH:0
end_of_record
TN:
SF:src\quizzer\AddQuizModal.tsx
FN:4,AddQuizModal
FN:16,(anonymous_1)
FN:33,(anonymous_2)
FN:42,(anonymous_3)
FN:51,(anonymous_4)
FNF:5
FNH:2
FNDA:32,AddQuizModal
FNDA:1,(anonymous_1)
FNDA:0,(anonymous_2)
FNDA:0,(anonymous_3)
FNDA:0,(anonymous_4)
DA:13,32
DA:14,32
DA:16,32
DA:19,1
DA:20,1
DA:23,32
DA:35,0
DA:44,0
DA:52,0
DA:53,0
DA:54,0
LF:11
LH:6
BRF:0
BRH:0
end_of_record
TN:
SF:src\quizzer\QuestionEdit.tsx
FN:5,QuestionEdit
FN:20,(anonymous_1)
FN:23,(anonymous_2)
FN:35,(anonymous_3)
FN:45,(anonymous_4)
FN:50,(anonymous_5)
FN:63,(anonymous_6)
FN:86,(anonymous_7)
FN:159,(anonymous_8)
FN:174,(anonymous_9)
FN:193,(anonymous_10)
FN:213,(anonymous_11)
FN:222,(anonymous_12)
FN:238,(anonymous_13)
FN:247,(anonymous_14)
FNF:15
FNH:6
FNDA:54,QuestionEdit
FNDA:53,(anonymous_1)
FNDA:0,(anonymous_2)
FNDA:1,(anonymous_3)
FNDA:0,(anonymous_4)
FNDA:0,(anonymous_5)
FNDA:0,(anonymous_6)
FNDA:0,(anonymous_7)
FNDA:0,(anonymous_8)
FNDA:81,(anonymous_9)
FNDA:0,(anonymous_10)
FNDA:2,(anonymous_11)
FNDA:0,(anonymous_12)
FNDA:1,(anonymous_13)
FNDA:0,(anonymous_14)
DA:19,54
DA:20,53
DA:23,54
DA:24,0
DA:26,0
DA:27,0
DA:35,54
DA:36,1
DA:37,1
DA:45,54
DA:46,0
DA:47,0
DA:50,54
DA:54,0
DA:55,0
DA:56,0
DA:63,54
DA:64,0
DA:65,0
DA:66,0
DA:72,54
DA:89,0
DA:162,0
DA:175,81
DA:196,0
DA:214,2
DA:223,0
DA:239,1
DA:248,0
LF:29
LH:13
BRDA:26,0,0,0
BRDA:26,0,1,0
BRDA:39,1,0,0
BRDA:39,1,1,1
BRDA:59,2,0,0
BRDA:59,2,1,0
BRDA:108,3,0,13
BRDA:108,3,1,41
BRDA:139,4,0,54
BRDA:139,4,1,27
BRDA:154,5,0,54
BRDA:154,5,1,27
BRDA:170,6,0,54
BRDA:170,6,1,27
BRF:14
BRH:9
end_of_record
TN:
SF:src\quizzer\QuizCard.tsx
FN:7,QuizCard
FN:15,(anonymous_1)
FN:24,(anonymous_2)
FNF:3
FNH:3
FNDA:90,QuizCard
FNDA:356,(anonymous_1)
FNDA:10,(anonymous_2)
DA:14,90
DA:16,356
DA:19,90
DA:25,10
LF:4
LH:4
BRDA:16,0,0,356
BRDA:16,0,1,302
BRDA:16,0,2,160
BRDA:32,1,0,90
BRDA:32,1,1,0
BRF:5
BRH:4
end_of_record
TN:
SF:src\quizzer\QuizEdit.tsx
FN:10,QuizEdit
FN:26,(anonymous_1)
FN:29,(anonymous_2)
FN:33,(anonymous_3)
FN:36,(anonymous_4)
FN:40,(anonymous_5)
FN:47,(anonymous_6)
FN:53,(anonymous_7)
FN:66,(anonymous_8)
FN:83,(anonymous_9)
FN:98,(anonymous_10)
FN:106,(anonymous_11)
FN:122,(anonymous_12)
FN:148,(anonymous_13)
FN:162,(anonymous_14)
FNF:15
FNH:11
FNDA:13,QuizEdit
FNDA:2,(anonymous_1)
FNDA:8,(anonymous_2)
FNDA:0,(anonymous_3)
FNDA:0,(anonymous_4)
FNDA:5,(anonymous_5)
FNDA:2,(anonymous_6)
FNDA:8,(anonymous_7)
FNDA:0,(anonymous_8)
FNDA:2,(anonymous_9)
FNDA:0,(anonymous_10)
FNDA:54,(anonymous_11)
FNDA:1,(anonymous_12)
FNDA:5,(anonymous_13)
FNDA:1,(anonymous_14)
DA:24,13
DA:26,13
DA:27,2
DA:29,8
DA:33,13
DA:34,0
DA:36,0
DA:40,13
DA:41,5
DA:42,5
DA:43,5
DA:44,5
DA:47,13
DA:48,2
DA:49,2
DA:50,2
DA:53,8
DA:57,13
DA:69,0
DA:86,2
DA:99,0
DA:107,54
DA:123,1
DA:149,5
DA:150,5
DA:151,5
DA:163,1
DA:164,1
LF:28
LH:24
BRDA:29,0,0,2
BRDA:29,0,1,6
BRDA:53,1,0,2
BRDA:53,1,1,6
BRDA:53,2,0,2
BRDA:53,2,1,4
BRF:6
BRH:6
end_of_record
TN:
SF:src\quizzer\QuizExpanded.tsx
FN:9,QuizExpanded
FN:22,(anonymous_1)
FN:31,(anonymous_2)
FN:38,(anonymous_3)
FN:42,(anonymous_4)
FN:43,(anonymous_5)
FN:46,(anonymous_6)
FN:52,(anonymous_7)
FN:59,(anonymous_8)
FN:62,(anonymous_9)
FN:80,(anonymous_10)
FN:98,(anonymous_11)
FNF:12
FNH:12
FNDA:20,QuizExpanded
FNDA:81,(anonymous_1)
FNDA:2,(anonymous_2)
FNDA:46,(anonymous_3)
FNDA:2,(anonymous_4)
FNDA:2,(anonymous_5)
FNDA:7,(anonymous_6)
FNDA:28,(anonymous_7)
FNDA:2,(anonymous_8)
FNDA:8,(anonymous_9)
FNDA:6,(anonymous_10)
FNDA:46,(anonymous_11)
DA:21,20
DA:23,81
DA:26,20
DA:27,20
DA:31,20
DA:32,2
DA:33,2
DA:34,2
DA:37,20
DA:38,46
DA:42,20
DA:43,2
DA:46,20
DA:47,7
DA:48,7
DA:49,7
DA:52,28
DA:56,7
DA:59,20
DA:60,2
DA:62,8
DA:66,20
DA:81,6
DA:82,6
DA:83,6
DA:99,46
LF:26
LH:26
BRDA:23,0,0,81
BRDA:23,0,1,72
BRDA:23,0,2,44
BRDA:62,1,0,2
BRDA:62,1,1,6
BRDA:73,2,0,20
BRDA:73,2,1,0
BRF:7
BRH:6
end_of_record
TN:
SF:src\quizzer\QuizList.tsx
FN:8,QuizList
FN:21,(anonymous_1)
FN:25,(anonymous_2)
FN:33,(anonymous_3)
FN:45,(anonymous_4)
FNF:5
FNH:5
FNDA:42,QuizList
FNDA:10,(anonymous_1)
FNDA:1,(anonymous_2)
FNDA:90,(anonymous_3)
FNDA:210,(anonymous_4)
DA:19,42
DA:21,42
DA:22,10
DA:25,42
DA:26,1
DA:29,42
DA:34,90
DA:45,210
LF:8
LH:8
BRDA:31,0,0,42
BRDA:31,0,1,18
BRDA:45,1,0,24
BRDA:45,1,1,186
BRF:4
BRH:4
end_of_record
TN:
SF:src\quizzer\QuizQuestion.tsx
FN:8,QuizQuestion
FN:23,(anonymous_1)
FN:29,(anonymous_2)
FN:61,(anonymous_3)
FNF:4
FNH:4
FNDA:46,QuizQuestion
FNDA:2,(anonymous_1)
FNDA:2,(anonymous_2)
FNDA:72,(anonymous_3)
DA:23,46
DA:24,2
DA:25,2
DA:29,46
DA:30,2
DA:31,2
DA:32,2
DA:36,46
DA:62,72
LF:9
LH:9
BRDA:24,0,0,2
BRDA:24,0,1,0
BRDA:31,1,0,2
BRDA:31,1,1,0
BRDA:45,2,0,3
BRDA:45,2,1,43
BRDA:49,3,0,46
BRDA:49,3,1,22
BRDA:58,4,0,46
BRDA:58,4,1,24
BRDA:76,5,0,2
BRDA:76,5,1,44
BRDA:77,6,0,4
BRDA:77,6,1,42
BRF:14
BRH:12
end_of_record
TN:
SF:src\quizzer\QuizView.tsx
FN:8,QuizView
FN:21,(anonymous_1)
FNF:2
FNH:2
FNDA:24,QuizView
FNDA:11,(anonymous_1)
DA:19,24
DA:21,24
DA:22,11
DA:25,24
LF:4
LH:4
BRDA:27,0,0,24
BRDA:27,0,1,6
BRDA:37,1,0,24
BRDA:37,1,1,18
BRF:4
BRH:4
end_of_record
TN:
SF:src\quizzer\Quizzer.tsx
FN:12,(anonymous_0)
FN:15,(anonymous_1)
FN:24,Quizzer
FN:28,editQuiz
FN:30,(anonymous_4)
FN:34,(anonymous_5)
FN:44,deleteQuiz
FN:45,(anonymous_7)
FN:48,(anonymous_8)
FN:49,(anonymous_9)
FNF:10
FNH:10
FNDA:10,(anonymous_0)
FNDA:40,(anonymous_1)
FNDA:32,Quizzer
FNDA:14,editQuiz
FNDA:70,(anonymous_4)
FNDA:1,(anonymous_5)
FNDA:1,deleteQuiz
FNDA:5,(anonymous_7)
FNDA:1,(anonymous_8)
FNDA:1,(anonymous_9)
DA:11,2
DA:12,10
DA:15,40
DA:25,32
DA:26,32
DA:29,14
DA:30,70
DA:34,32
DA:35,1
DA:41,1
DA:45,5
DA:48,32
DA:49,32
DA:51,32
LF:14
LH:14
BRDA:30,0,0,14
BRDA:30,0,1,56
BRF:2
BRH:2
end_of_record
